#
# There is insufficient memory for the Java Runtime Environment to continue.
# Native memory allocation (mmap) failed to map 4194304 bytes for G1 virtual space
# Possible reasons:
#   The system is out of physical RAM or swap space
#   The process is running with CompressedOops enabled, and the Java Heap may be blocking the growth of the native heap
# Possible solutions:
#   Reduce memory load on the system
#   Increase physical memory or swap space
#   Check if swap backing store is full
#   Decrease Java heap size (-Xmx/-Xms)
#   Decrease number of Java threads
#   Decrease Java thread stack sizes (-Xss)
#   Set larger code cache with -XX:ReservedCodeCacheSize=
#   JVM is running with Zero Based Compressed Oops mode in which the Java heap is
#     placed in the first 32GB address space. The Java Heap base address is the
#     maximum limit for the native heap growth. Please use -XX:HeapBaseMinAddress
#     to set the Java Heap base and to place the Java Heap above 32GB virtual address.
# This output file may be truncated or incomplete.
#
#  Out of Memory Error (os_windows.cpp:3532), pid=17748, tid=17092
#
# JRE version:  (17.0.2+8) (build )
# Java VM: OpenJDK 64-Bit Server VM (17.0.2+8, mixed mode, sharing, tiered, compressed oops, compressed class ptrs, g1 gc, windows-amd64)
# No core dump will be written. Minidumps are not enabled by default on client versions of Windows
#

---------------  S U M M A R Y ------------

Command Line: -Dfile.encoding=UTF-8 -XX:+ShowCodeDetailsInExceptionMessages com.comunicacaoserialarduino.ComunicacaoSerialArduino.controller.ComunicacaoSerialArduinoApplication

Host: Intel(R) Core(TM) i5-4690 CPU @ 3.50GHz, 4 cores, 15G,  Windows 10 , 64 bit Build 19041 (10.0.19041.1741)
Time: Sun Jul 17 16:24:14 2022 Hora oficial do Brasil elapsed time: 0.012618 seconds (0d 0h 0m 0s)

---------------  T H R E A D  ---------------

Current thread (0x0000012cd0e672b0):  JavaThread "Unknown thread" [_thread_in_vm, id=17092, stack(0x0000000227d00000,0x0000000227e00000)]

Stack: [0x0000000227d00000,0x0000000227e00000]
Native frames: (J=compiled Java code, j=interpreted, Vv=VM code, C=native code)
V  [jvm.dll+0x67564a]
V  [jvm.dll+0x82fc04]
V  [jvm.dll+0x8313ae]
V  [jvm.dll+0x831a13]
V  [jvm.dll+0x245235]
V  [jvm.dll+0x672539]
V  [jvm.dll+0x666e82]
V  [jvm.dll+0x30401b]
V  [jvm.dll+0x30b566]
V  [jvm.dll+0x35b228]
V  [jvm.dll+0x35b42f]
V  [jvm.dll+0x2daf58]
V  [jvm.dll+0x2dbec4]
V  [jvm.dll+0x801881]
V  [jvm.dll+0x368f81]
V  [jvm.dll+0x7e0cdc]
V  [jvm.dll+0x3eb8bf]
V  [jvm.dll+0x3ed441]
C  [jli.dll+0x5277]
C  [ucrtbase.dll+0x21bb2]
C  [KERNEL32.DLL+0x17034]
C  [ntdll.dll+0x52651]


---------------  P R O C E S S  ---------------

Threads class SMR info:
_java_thread_list=0x00007ffb1caa5e98, length=0, elements={
}

Java Threads: ( => current thread )

Other Threads:
  0x0000012cd0eb7300 GCTaskThread "GC Thread#0" [stack: 0x0000000227e00000,0x0000000227f00000] [id=3820]
  0x0000012cd0ec88f0 ConcurrentGCThread "G1 Main Marker" [stack: 0x0000000227f00000,0x0000000228000000] [id=9564]
  0x0000012cd0ecaab0 ConcurrentGCThread "G1 Conc#0" [stack: 0x0000000228000000,0x0000000228100000] [id=16600]

[error occurred during error reporting (printing all threads), id 0xc0000005, EXCEPTION_ACCESS_VIOLATION (0xc0000005) at pc=0x00007ffb1c27b9d7]

VM state: not at safepoint (not fully initialized)

VM Mutex/Monitor currently owned by a thread:  ([mutex/lock_event])
[0x0000012cd0e620e0] Heap_lock - owner thread: 0x0000012cd0e672b0

Heap address: 0x0000000700e00000, size: 4082 MB, Compressed Oops mode: Zero based, Oop shift amount: 3

CDS archive(s) mapped at: [0x0000000000000000-0x0000000000000000-0x0000000000000000), size 0, SharedBaseAddress: 0x0000000800000000, ArchiveRelocationMode: 0.
Narrow klass base: 0x0000000000000000, Narrow klass shift: 0, Narrow klass range: 0x0

GC Precious Log:
<Empty>

Heap:
 garbage-first heap   total 0K, used 0K [0x0000000700e00000, 0x0000000800000000)
  region size 2048K, 0 young (0K), 0 survivors (0K)

[error occurred during error reporting (printing heap information), id 0xc0000005, EXCEPTION_ACCESS_VIOLATION (0xc0000005) at pc=0x00007ffb1c65e899]

GC Heap History (0 events):
No events

Deoptimization events (0 events):
No events

Classes unloaded (0 events):
No events

Classes redefined (0 events):
No events

Internal exceptions (0 events):
No events

VM Operations (0 events):
No events

Events (1 events):
Event: 0.006 Loaded shared library C:\Users\carol\.p2\pool\plugins\org.eclipse.justj.openjdk.hotspot.jre.full.win32.x86_64_17.0.2.v20220201-1208\jre\bin\java.dll


Dynamic libraries:
0x00007ff758830000 - 0x00007ff75883e000 	C:\Users\carol\.p2\pool\plugins\org.eclipse.justj.openjdk.hotspot.jre.full.win32.x86_64_17.0.2.v20220201-1208\jre\bin\javaw.exe
0x00007ffb7fc90000 - 0x00007ffb7fe87000 	C:\WINDOWS\SYSTEM32\ntdll.dll
0x00007ffb7e170000 - 0x00007ffb7e22d000 	C:\WINDOWS\System32\KERNEL32.DLL
0x00007ffb7d640000 - 0x00007ffb7d90d000 	C:\WINDOWS\System32\KERNELBASE.dll
0x00007ffb7da50000 - 0x00007ffb7db50000 	C:\WINDOWS\System32\ucrtbase.dll
0x00007ffb56ef0000 - 0x00007ffb56f09000 	C:\Users\carol\.p2\pool\plugins\org.eclipse.justj.openjdk.hotspot.jre.full.win32.x86_64_17.0.2.v20220201-1208\jre\bin\VCRUNTIME140.dll
0x00007ffb5d1c0000 - 0x00007ffb5d1d8000 	C:\Users\carol\.p2\pool\plugins\org.eclipse.justj.openjdk.hotspot.jre.full.win32.x86_64_17.0.2.v20220201-1208\jre\bin\jli.dll
0x00007ffb7ef60000 - 0x00007ffb7f100000 	C:\WINDOWS\System32\USER32.dll
0x00007ffb7d910000 - 0x00007ffb7d932000 	C:\WINDOWS\System32\win32u.dll
0x00007ffb7dea0000 - 0x00007ffb7deca000 	C:\WINDOWS\System32\GDI32.dll
0x00007ffb7d940000 - 0x00007ffb7da4b000 	C:\WINDOWS\System32\gdi32full.dll
0x00007ffb7dc50000 - 0x00007ffb7dced000 	C:\WINDOWS\System32\msvcp_win.dll
0x00007ffb6c110000 - 0x00007ffb6c3aa000 	C:\WINDOWS\WinSxS\amd64_microsoft.windows.common-controls_6595b64144ccf1df_6.0.19041.1110_none_60b5254171f9507e\COMCTL32.dll
0x00007ffb7e0a0000 - 0x00007ffb7e13e000 	C:\WINDOWS\System32\msvcrt.dll
0x00007ffb7e140000 - 0x00007ffb7e170000 	C:\WINDOWS\System32\IMM32.DLL
0x00007ffb56ee0000 - 0x00007ffb56eec000 	C:\Users\carol\.p2\pool\plugins\org.eclipse.justj.openjdk.hotspot.jre.full.win32.x86_64_17.0.2.v20220201-1208\jre\bin\vcruntime140_1.dll
0x00007ffb3add0000 - 0x00007ffb3ae61000 	C:\Users\carol\.p2\pool\plugins\org.eclipse.justj.openjdk.hotspot.jre.full.win32.x86_64_17.0.2.v20220201-1208\jre\bin\msvcp140.dll
0x00007ffb1bf90000 - 0x00007ffb1cbd7000 	C:\Users\carol\.p2\pool\plugins\org.eclipse.justj.openjdk.hotspot.jre.full.win32.x86_64_17.0.2.v20220201-1208\jre\bin\server\jvm.dll
0x00007ffb7fb40000 - 0x00007ffb7fbee000 	C:\WINDOWS\System32\ADVAPI32.dll
0x00007ffb7e5c0000 - 0x00007ffb7e65c000 	C:\WINDOWS\System32\sechost.dll
0x00007ffb7f160000 - 0x00007ffb7f285000 	C:\WINDOWS\System32\RPCRT4.dll
0x00007ffb7dcf0000 - 0x00007ffb7dcf8000 	C:\WINDOWS\System32\PSAPI.DLL
0x00007ffb60450000 - 0x00007ffb60459000 	C:\WINDOWS\SYSTEM32\WSOCK32.dll
0x00007ffb7e550000 - 0x00007ffb7e5bb000 	C:\WINDOWS\System32\WS2_32.dll
0x00007ffb72290000 - 0x00007ffb722b7000 	C:\WINDOWS\SYSTEM32\WINMM.dll
0x00007ffb740e0000 - 0x00007ffb740ea000 	C:\WINDOWS\SYSTEM32\VERSION.dll
0x00007ffb7b2d0000 - 0x00007ffb7b2e2000 	C:\WINDOWS\SYSTEM32\kernel.appcore.dll
0x00007ffb721e0000 - 0x00007ffb721ea000 	C:\Users\carol\.p2\pool\plugins\org.eclipse.justj.openjdk.hotspot.jre.full.win32.x86_64_17.0.2.v20220201-1208\jre\bin\jimage.dll
0x00007ffb74db0000 - 0x00007ffb74f94000 	C:\WINDOWS\SYSTEM32\DBGHELP.DLL
0x00007ffb6cc30000 - 0x00007ffb6cc5c000 	C:\WINDOWS\SYSTEM32\dbgcore.DLL
0x00007ffb7db50000 - 0x00007ffb7dbd2000 	C:\WINDOWS\System32\bcryptPrimitives.dll
0x00007ffb59490000 - 0x00007ffb594b5000 	C:\Users\carol\.p2\pool\plugins\org.eclipse.justj.openjdk.hotspot.jre.full.win32.x86_64_17.0.2.v20220201-1208\jre\bin\java.dll

dbghelp: loaded successfully - version: 4.0.5 - missing functions: none
symbol engine: initialized successfully - sym options: 0x614 - pdb path: .;C:\Users\carol\.p2\pool\plugins\org.eclipse.justj.openjdk.hotspot.jre.full.win32.x86_64_17.0.2.v20220201-1208\jre\bin;C:\WINDOWS\SYSTEM32;C:\WINDOWS\WinSxS\amd64_microsoft.windows.common-controls_6595b64144ccf1df_6.0.19041.1110_none_60b5254171f9507e;C:\Users\carol\.p2\pool\plugins\org.eclipse.justj.openjdk.hotspot.jre.full.win32.x86_64_17.0.2.v20220201-1208\jre\bin\server

VM Arguments:
jvm_args: -Dfile.encoding=UTF-8 -XX:+ShowCodeDetailsInExceptionMessages 
java_command: com.comunicacaoserialarduino.ComunicacaoSerialArduino.controller.ComunicacaoSerialArduinoApplication
java_class_path (initial): C:\Users\carol\Documents\Academia de Java Atos\ComunicacaoSerialArduino\target\classes;C:\Program Files\Java\jre1.8.0_301\lib\ext\rxtxcomm.jar;C:\Program Files\Java\jre1.8.0_301\bin\rxtx-2.2.2.jar;C:\Users\carol\.m2\repository\org\springframework\boot\spring-boot-starter-data-jpa\2.7.1\spring-boot-starter-data-jpa-2.7.1.jar;C:\Users\carol\.m2\repository\org\springframework\boot\spring-boot-starter-aop\2.7.1\spring-boot-starter-aop-2.7.1.jar;C:\Users\carol\.m2\repository\org\springframework\spring-aop\5.3.21\spring-aop-5.3.21.jar;C:\Users\carol\.m2\repository\org\aspectj\aspectjweaver\1.9.7\aspectjweaver-1.9.7.jar;C:\Users\carol\.m2\repository\org\springframework\boot\spring-boot-starter-jdbc\2.7.1\spring-boot-starter-jdbc-2.7.1.jar;C:\Users\carol\.m2\repository\com\zaxxer\HikariCP\4.0.3\HikariCP-4.0.3.jar;C:\Users\carol\.m2\repository\org\springframework\spring-jdbc\5.3.21\spring-jdbc-5.3.21.jar;C:\Users\carol\.m2\repository\jakarta\transaction\jakarta.transaction-api\1.3.3\jakarta.transaction-api-1.3.3.jar;C:\Users\carol\.m2\repository\jakarta\persistence\jakarta.persistence-api\2.2.3\jakarta.persistence-api-2.2.3.jar;C:\Users\carol\.m2\repository\org\hibernate\hibernate-core\5.6.9.Final\hibernate-core-5.6.9.Final.jar;C:\Users\carol\.m2\repository\org\jboss\logging\jboss-logging\3.4.3.Final\jboss-logging-3.4.3.Final.jar;C:\Users\carol\.m2\repository\net\bytebuddy\byte-buddy\1.12.11\byte-buddy-1.12.11.jar;C:\Users\carol\.m2\repository\antlr\antlr\2.7.7\antlr-2.7.7.jar;C:\Users\carol\.m2\repository\org\jboss\jandex\2.4.2.Final\jandex-2.4.2.Final.jar;C:\Users\carol\.m2\repository\com\fasterxml\classmate\1.5.1\classmate-1.5.1.jar;C:\Users\carol\.m2\repository\org\hibernate\common\hibernate-commons-annotations\5.1.2.Final\hibernate-commons-annotations-5.1.2.Final.jar;C:\Users\carol\.m2\repository\org\glassfish\jaxb\jaxb-runtime\2.3.6\jaxb-runtime-2.3.6.jar;C:\Users\carol\.m2\repository\org\glassfish\jaxb\txw2\2.3.6\txw2-2.3.6.jar;C:\Users\ca
Launcher Type: SUN_STANDARD

[Global flags]
     intx CICompilerCount                          = 3                                         {product} {ergonomic}
     uint ConcGCThreads                            = 1                                         {product} {ergonomic}
     uint G1ConcRefinementThreads                  = 4                                         {product} {ergonomic}
   size_t G1HeapRegionSize                         = 2097152                                   {product} {ergonomic}
    uintx GCDrainStackTargetSize                   = 64                                        {product} {ergonomic}
   size_t InitialHeapSize                          = 268435456                                 {product} {ergonomic}
   size_t MarkStackSize                            = 4194304                                   {product} {ergonomic}
   size_t MaxHeapSize                              = 4280287232                                {product} {ergonomic}
   size_t MinHeapDeltaBytes                        = 2097152                                   {product} {ergonomic}
   size_t MinHeapSize                              = 8388608                                   {product} {ergonomic}
    uintx NonNMethodCodeHeapSize                   = 5832780                                {pd product} {ergonomic}
    uintx NonProfiledCodeHeapSize                  = 122912730                              {pd product} {ergonomic}
    uintx ProfiledCodeHeapSize                     = 122912730                              {pd product} {ergonomic}
    uintx ReservedCodeCacheSize                    = 251658240                              {pd product} {ergonomic}
     bool SegmentedCodeCache                       = true                                      {product} {ergonomic}
     bool ShowCodeDetailsInExceptionMessages       = true                                   {manageable} {command line}
   size_t SoftMaxHeapSize                          = 4280287232                             {manageable} {ergonomic}
     bool UseCompressedClassPointers               = true                           {product lp64_product} {ergonomic}
     bool UseCompressedOops                        = true                           {product lp64_product} {ergonomic}
     bool UseG1GC                                  = true                                      {product} {ergonomic}
     bool UseLargePagesIndividualAllocation        = false                                  {pd product} {ergonomic}

Logging:
Log output configuration:
 #0: stdout all=warning uptime,level,tags
 #1: stderr all=off uptime,level,tags

Environment Variables:
PATH=C:/Users/carol/.p2/pool/plugins/org.eclipse.justj.openjdk.hotspot.jre.full.win32.x86_64_17.0.2.v20220201-1208/jre/bin/server;C:/Users/carol/.p2/pool/plugins/org.eclipse.justj.openjdk.hotspot.jre.full.win32.x86_64_17.0.2.v20220201-1208/jre/bin;C:\Program Files\Eclipse Adoptium\jdk-17.0.3.7-hotspot\bin;C:\Program Files (x86)\Common Files\Oracle\Java\javapath;C:\WINDOWS\system32;C:\WINDOWS;C:\WINDOWS\System32\Wbem;C:\WINDOWS\System32\WindowsPowerShell\v1.0\;C:\WINDOWS\System32\OpenSSH\;C:\ProgramData\UNIVALI\Portugol Studio;C:\Program Files\Git\cmd;C:\Program Files\Azure Data Studio\bin;C:\Program Files\nodejs\;C:\ProgramData\chocolatey\bin;C:\Users\carol\AppData\Local\Microsoft\WindowsApps;C:\Users\carol\AppData\Local\Programs\Microsoft VS Code\bin;C:\Program Files\Azure Data Studio\bin;C:\Users\carol\AppData\Local\GitHubDesktop\bin;C:\Users\carol\AppData\Roaming\npm;C:\apache-maven-3.8.6\bin;;C:\Users\carol\Desktop;
USERNAME=Maria
OS=Windows_NT
PROCESSOR_IDENTIFIER=Intel64 Family 6 Model 60 Stepping 3, GenuineIntel



---------------  S Y S T E M  ---------------

OS:
 Windows 10 , 64 bit Build 19041 (10.0.19041.1741)
OS uptime: 11 days 20:32 hours

CPU: total 4 (initial active 4) (4 cores per cpu, 1 threads per core) family 6 model 60 stepping 3 microcode 0x27, cx8, cmov, fxsr, mmx, sse, sse2, sse3, ssse3, sse4.1, sse4.2, popcnt, lzcnt, tsc, tscinvbit, avx, avx2, aes, erms, clmul, bmi1, bmi2, fma, vzeroupper, clflush

Memory: 4k page, system-wide physical 16323M (5120M free)
TotalPageFile size 16323M (AvailPageFile size 6M)
current process WorkingSet (physical memory assigned to process): 10M, peak: 10M
current process commit charge ("private bytes"): 312M, peak: 316M

vm_info: OpenJDK 64-Bit Server VM (17.0.2+8) for windows-amd64 JRE (17.0.2+8), built on Jan 20 2022 04:52:34 by "" with MS VC++ 16.7 (VS2019)

END.
